<?xml version="1.0" encoding="UTF-8"?>
<!-- Generated by org.testng.reporters.JUnitXMLReporter -->
<testsuite hostname="LAPTOP-7PGIPD6C" name="Test" tests="2" failures="1" timestamp="7 Jun 2022 15:20:02 GMT" time="85.937" errors="0">
  <testcase name="basepagenavigate" time="43.078" classname="TestCases.ValidateTitle">
    <failure type="java.lang.AssertionError" message="expected [FC002] but found [FEATURED COURSES]">
      <![CDATA[java.lang.AssertionError: expected [FC002] but found [FEATURED COURSES]
	at TestCases.ValidateTitle.basepagenavigate(ValidateTitle.java:26)
... Removed 30 stack frames]]>
    </failure>
  </testcase> <!-- basepagenavigate -->
  <testcase name="basepagenavigate" time="42.827" classname="TestCases.Homepage"/>
</testsuite> <!-- Test -->
