<?xml version="1.0" encoding="UTF-8"?>
<testng-results skipped="0" failed="0" total="1" passed="1">
  <reporter-output>
  </reporter-output>
  <suite name="Default suite" duration-ms="25284" started-at="2022-06-08T03:59:48Z" finished-at="2022-06-08T04:00:13Z">
    <groups>
    </groups>
    <test name="Default test" duration-ms="25284" started-at="2022-06-08T03:59:48Z" finished-at="2022-06-08T04:00:13Z">
      <class name="TestCases.ValidateTitle">
        <test-method status="PASS" signature="basepagenavigate()[pri:0, instance:TestCases.ValidateTitle@e25b2fe]" name="basepagenavigate" duration-ms="25249" started-at="2022-06-08T09:29:48Z" finished-at="2022-06-08T09:30:13Z">
          <reporter-output>
          </reporter-output>
        </test-method> <!-- basepagenavigate -->
      </class> <!-- TestCases.ValidateTitle -->
    </test> <!-- Default test -->
  </suite> <!-- Default suite -->
</testng-results>
